#
# There is insufficient memory for the Java Runtime Environment to continue.
# Native memory allocation (mmap) failed to map 268435456 bytes for G1 virtual space
# Possible reasons:
#   The system is out of physical RAM or swap space
#   The process is running with CompressedOops enabled, and the Java Heap may be blocking the growth of the native heap
# Possible solutions:
#   Reduce memory load on the system
#   Increase physical memory or swap space
#   Check if swap backing store is full
#   Decrease Java heap size (-Xmx/-Xms)
#   Decrease number of Java threads
#   Decrease Java thread stack sizes (-Xss)
#   Set larger code cache with -XX:ReservedCodeCacheSize=
#   JVM is running with Zero Based Compressed Oops mode in which the Java heap is
#     placed in the first 32GB address space. The Java Heap base address is the
#     maximum limit for the native heap growth. Please use -XX:HeapBaseMinAddress
#     to set the Java Heap base and to place the Java Heap above 32GB virtual address.
# This output file may be truncated or incomplete.
#
#  Out of Memory Error (os_windows.cpp:3557), pid=15620, tid=14704
#
# JRE version:  (17.0.6+10) (build )
# Java VM: OpenJDK 64-Bit Server VM (17.0.6+10, mixed mode, sharing, tiered, compressed oops, compressed class ptrs, g1 gc, windows-amd64)
# No core dump will be written. Minidumps are not enabled by default on client versions of Windows
#

---------------  S U M M A R Y ------------

Command Line: -XX:+ShowCodeDetailsInExceptionMessages -agentlib:jdwp=transport=dt_socket,suspend=y,address=localhost:52212 -javaagent:C:\Users\EZEN-11\eclipse\java-2023-03\eclipse\configuration\org.eclipse.osgi\231\0\.cp\lib\javaagent-shaded.jar -Dfile.encoding=UTF-8 --module-path=C:\MINGYU JAVA\weather\bin -Djdk.module.main=weather weather/cgv_main.Main_Browser

Host: Intel(R) Core(TM) i5-4590 CPU @ 3.30GHz, 4 cores, 15G,  Windows 10 , 64 bit Build 19041 (10.0.19041.2913)
Time: Wed May 31 17:24:39 2023  Windows 10 , 64 bit Build 19041 (10.0.19041.2913) elapsed time: 0.021741 seconds (0d 0h 0m 0s)

---------------  T H R E A D  ---------------

Current thread (0x0000024f1417abb0):  JavaThread "Unknown thread" [_thread_in_vm, id=14704, stack(0x000000bd59e00000,0x000000bd59f00000)]

Stack: [0x000000bd59e00000,0x000000bd59f00000]
Native frames: (J=compiled Java code, j=interpreted, Vv=VM code, C=native code)
V  [jvm.dll+0x67741a]
V  [jvm.dll+0x834434]
V  [jvm.dll+0x835bde]
V  [jvm.dll+0x836243]
V  [jvm.dll+0x2457b5]
V  [jvm.dll+0x674329]
V  [jvm.dll+0x6689da]
V  [jvm.dll+0x30489b]
V  [jvm.dll+0x30bd96]
V  [jvm.dll+0x35b57e]
V  [jvm.dll+0x35b7af]
V  [jvm.dll+0x2db778]
V  [jvm.dll+0x2dc6e4]
V  [jvm.dll+0x806131]
V  [jvm.dll+0x369331]
V  [jvm.dll+0x7e56ac]
V  [jvm.dll+0x3eb35f]
V  [jvm.dll+0x3ecea1]
C  [jli.dll+0x5267]
C  [ucrtbase.dll+0x21bb2]
C  [KERNEL32.DLL+0x17614]
C  [ntdll.dll+0x526a1]


---------------  P R O C E S S  ---------------

Threads class SMR info:
_java_thread_list=0x00007ff99c855fd8, length=0, elements={
}

Java Threads: ( => current thread )

Other Threads:
  0x0000024f141e5230 GCTaskThread "GC Thread#0" [stack: 0x000000bd59f00000,0x000000bd5a000000] [id=1244]
  0x0000024f141f67e0 ConcurrentGCThread "G1 Main Marker" [stack: 0x000000bd5a000000,0x000000bd5a100000] [id=15420]
  0x0000024f141f71f0 ConcurrentGCThread "G1 Conc#0" [stack: 0x000000bd5a100000,0x000000bd5a200000] [id=5348]

[error occurred during error reporting (printing all threads), id 0xc0000005, EXCEPTION_ACCESS_VIOLATION (0xc0000005) at pc=0x00007ff99c02c1e7]

VM state: not at safepoint (not fully initialized)

VM Mutex/Monitor currently owned by a thread:  ([mutex/lock_event])
[0x0000024f14169380] Heap_lock - owner thread: 0x0000024f1417abb0

Heap address: 0x0000000701200000, size: 4078 MB, Compressed Oops mode: Zero based, Oop shift amount: 3

CDS archive(s) mapped at: [0x0000000000000000-0x0000000000000000-0x0000000000000000), size 0, SharedBaseAddress: 0x0000000800000000, ArchiveRelocationMode: 0.
Narrow klass base: 0x0000000000000000, Narrow klass shift: 0, Narrow klass range: 0x0

GC Precious Log:
<Empty>

Heap:
 garbage-first heap   total 0K, used 0K [0x0000000701200000, 0x0000000800000000)
  region size 2048K, 0 young (0K), 0 survivors (0K)

[error occurred during error reporting (printing heap information), id 0xc0000005, EXCEPTION_ACCESS_VIOLATION (0xc0000005) at pc=0x00007ff99c4106f9]

GC Heap History (0 events):
No events

Dll operation events (1 events):
Event: 0.014 Loaded shared library C:\Users\EZEN-11\.p2\pool\plugins\org.eclipse.justj.openjdk.hotspot.jre.full.win32.x86_64_17.0.6.v20230204-1729\jre\bin\java.dll

Deoptimization events (0 events):
No events

Classes unloaded (0 events):
No events

Classes redefined (0 events):
No events

Internal exceptions (0 events):
No events

VM Operations (0 events):
No events

Events (0 events):
No events


Dynamic libraries:
0x00007ff7c8b70000 - 0x00007ff7c8b7e000 	C:\Users\EZEN-11\.p2\pool\plugins\org.eclipse.justj.openjdk.hotspot.jre.full.win32.x86_64_17.0.6.v20230204-1729\jre\bin\javaw.exe
0x00007ff9d06b0000 - 0x00007ff9d08a8000 	C:\Windows\SYSTEM32\ntdll.dll
0x00007ff9d0260000 - 0x00007ff9d031f000 	C:\Windows\System32\KERNEL32.DLL
0x00007ff9cdee0000 - 0x00007ff9ce1d6000 	C:\Windows\System32\KERNELBASE.dll
0x00007ff9ce3d0000 - 0x00007ff9ce4d0000 	C:\Windows\System32\ucrtbase.dll
0x00007ff9bfba0000 - 0x00007ff9bfbb7000 	C:\Users\EZEN-11\.p2\pool\plugins\org.eclipse.justj.openjdk.hotspot.jre.full.win32.x86_64_17.0.6.v20230204-1729\jre\bin\jli.dll
0x00007ff9cf8d0000 - 0x00007ff9cfa6d000 	C:\Windows\System32\USER32.dll
0x00007ff9cdd90000 - 0x00007ff9cddb2000 	C:\Windows\System32\win32u.dll
0x00007ff9ce8c0000 - 0x00007ff9ce8ec000 	C:\Windows\System32\GDI32.dll
0x00007ff9ce5c0000 - 0x00007ff9ce6d5000 	C:\Windows\System32\gdi32full.dll
0x00007ff9ce520000 - 0x00007ff9ce5bd000 	C:\Windows\System32\msvcp_win.dll
0x00007ff9babc0000 - 0x00007ff9babd9000 	C:\Users\EZEN-11\.p2\pool\plugins\org.eclipse.justj.openjdk.hotspot.jre.full.win32.x86_64_17.0.6.v20230204-1729\jre\bin\VCRUNTIME140.dll
0x00007ff9be7b0000 - 0x00007ff9bea4a000 	C:\Windows\WinSxS\amd64_microsoft.windows.common-controls_6595b64144ccf1df_6.0.19041.1110_none_60b5254171f9507e\COMCTL32.dll
0x00007ff9cfb90000 - 0x00007ff9cfc2e000 	C:\Windows\System32\msvcrt.dll
0x00007ff9ce9b0000 - 0x00007ff9ce9e0000 	C:\Windows\System32\IMM32.DLL
0x00007ff9bfb90000 - 0x00007ff9bfb9c000 	C:\Users\EZEN-11\.p2\pool\plugins\org.eclipse.justj.openjdk.hotspot.jre.full.win32.x86_64_17.0.6.v20230204-1729\jre\bin\vcruntime140_1.dll
0x00007ff9b3e60000 - 0x00007ff9b3ef1000 	C:\Users\EZEN-11\.p2\pool\plugins\org.eclipse.justj.openjdk.hotspot.jre.full.win32.x86_64_17.0.6.v20230204-1729\jre\bin\msvcp140.dll
0x00007ff99bd40000 - 0x00007ff99c987000 	C:\Users\EZEN-11\.p2\pool\plugins\org.eclipse.justj.openjdk.hotspot.jre.full.win32.x86_64_17.0.6.v20230204-1729\jre\bin\server\jvm.dll
0x00007ff9ce900000 - 0x00007ff9ce9af000 	C:\Windows\System32\ADVAPI32.dll
0x00007ff9cfaf0000 - 0x00007ff9cfb8c000 	C:\Windows\System32\sechost.dll
0x00007ff9cf6d0000 - 0x00007ff9cf7f6000 	C:\Windows\System32\RPCRT4.dll
0x00007ff9bfac0000 - 0x00007ff9bfac9000 	C:\Windows\SYSTEM32\WSOCK32.dll
0x00007ff9cfd10000 - 0x00007ff9cfd7b000 	C:\Windows\System32\WS2_32.dll
0x00007ff9c15b0000 - 0x00007ff9c15d7000 	C:\Windows\SYSTEM32\WINMM.dll
0x00007ff9c18e0000 - 0x00007ff9c18ea000 	C:\Windows\SYSTEM32\VERSION.dll
0x00007ff9cbc70000 - 0x00007ff9cbc82000 	C:\Windows\SYSTEM32\kernel.appcore.dll
0x00007ff9c59c0000 - 0x00007ff9c59ca000 	C:\Users\EZEN-11\.p2\pool\plugins\org.eclipse.justj.openjdk.hotspot.jre.full.win32.x86_64_17.0.6.v20230204-1729\jre\bin\jimage.dll
0x00007ff9bf4c0000 - 0x00007ff9bf6a4000 	C:\Windows\SYSTEM32\DBGHELP.DLL
0x00007ff9bf300000 - 0x00007ff9bf334000 	C:\Windows\SYSTEM32\dbgcore.DLL
0x00007ff9ce340000 - 0x00007ff9ce3c2000 	C:\Windows\System32\bcryptPrimitives.dll
0x00007ff9b4290000 - 0x00007ff9b42cb000 	C:\Users\EZEN-11\.p2\pool\plugins\org.eclipse.justj.openjdk.hotspot.jre.full.win32.x86_64_17.0.6.v20230204-1729\jre\bin\jdwp.dll
0x00007ff9ba0a0000 - 0x00007ff9ba0ae000 	C:\Users\EZEN-11\.p2\pool\plugins\org.eclipse.justj.openjdk.hotspot.jre.full.win32.x86_64_17.0.6.v20230204-1729\jre\bin\instrument.dll
0x00007ff9ba120000 - 0x00007ff9ba145000 	C:\Users\EZEN-11\.p2\pool\plugins\org.eclipse.justj.openjdk.hotspot.jre.full.win32.x86_64_17.0.6.v20230204-1729\jre\bin\java.dll

dbghelp: loaded successfully - version: 4.0.5 - missing functions: none
symbol engine: initialized successfully - sym options: 0x614 - pdb path: .;C:\Users\EZEN-11\.p2\pool\plugins\org.eclipse.justj.openjdk.hotspot.jre.full.win32.x86_64_17.0.6.v20230204-1729\jre\bin;C:\Windows\SYSTEM32;C:\Windows\WinSxS\amd64_microsoft.windows.common-controls_6595b64144ccf1df_6.0.19041.1110_none_60b5254171f9507e;C:\Users\EZEN-11\.p2\pool\plugins\org.eclipse.justj.openjdk.hotspot.jre.full.win32.x86_64_17.0.6.v20230204-1729\jre\bin\server

VM Arguments:
jvm_args: -XX:+ShowCodeDetailsInExceptionMessages -agentlib:jdwp=transport=dt_socket,suspend=y,address=localhost:52212 -javaagent:C:\Users\EZEN-11\eclipse\java-2023-03\eclipse\configuration\org.eclipse.osgi\231\0\.cp\lib\javaagent-shaded.jar -Dfile.encoding=UTF-8 --module-path=C:\MINGYU JAVA\weather\bin -Djdk.module.main=weather 
java_command: weather/cgv_main.Main_Browser
java_class_path (initial): <not set>
Launcher Type: SUN_STANDARD

[Global flags]
     intx CICompilerCount                          = 3                                         {product} {ergonomic}
     uint ConcGCThreads                            = 1                                         {product} {ergonomic}
     uint G1ConcRefinementThreads                  = 4                                         {product} {ergonomic}
   size_t G1HeapRegionSize                         = 2097152                                   {product} {ergonomic}
    uintx GCDrainStackTargetSize                   = 64                                        {product} {ergonomic}
   size_t InitialHeapSize                          = 268435456                                 {product} {ergonomic}
   size_t MarkStackSize                            = 4194304                                   {product} {ergonomic}
   size_t MaxHeapSize                              = 4276092928                                {product} {ergonomic}
   size_t MinHeapDeltaBytes                        = 2097152                                   {product} {ergonomic}
   size_t MinHeapSize                              = 8388608                                   {product} {ergonomic}
    uintx NonNMethodCodeHeapSize                   = 5832780                                {pd product} {ergonomic}
    uintx NonProfiledCodeHeapSize                  = 122912730                              {pd product} {ergonomic}
    uintx ProfiledCodeHeapSize                     = 122912730                              {pd product} {ergonomic}
    uintx ReservedCodeCacheSize                    = 251658240                              {pd product} {ergonomic}
     bool SegmentedCodeCache                       = true                                      {product} {ergonomic}
     bool ShowCodeDetailsInExceptionMessages       = true                                   {manageable} {command line}
   size_t SoftMaxHeapSize                          = 4276092928                             {manageable} {ergonomic}
     bool UseCompressedClassPointers               = true                           {product lp64_product} {ergonomic}
     bool UseCompressedOops                        = true                           {product lp64_product} {ergonomic}
     bool UseG1GC                                  = true                                      {product} {ergonomic}
     bool UseLargePagesIndividualAllocation        = false                                  {pd product} {ergonomic}

Logging:
Log output configuration:
 #0: stdout all=warning uptime,level,tags
 #1: stderr all=off uptime,level,tags

Environment Variables:
JAVA_HOME=C:\Program Files\Java\jdk-11.0.17
PATH=C:\Users\EZEN-11\.p2\pool\plugins\org.eclipse.justj.openjdk.hotspot.jre.full.win32.x86_64_17.0.6.v20230204-1729\jre\bin;C:/Users/EZEN-11/.p2/pool/plugins/org.eclipse.justj.openjdk.hotspot.jre.full.win32.x86_64_17.0.6.v20230204-1729/jre/bin/server;C:/Users/EZEN-11/.p2/pool/plugins/org.eclipse.justj.openjdk.hotspot.jre.full.win32.x86_64_17.0.6.v20230204-1729/jre/bin;C:\oraclexe\app\oracle\product\11.2.0\server\bin;;C:\Program Files\Java\jdk-11.0.17\bin;C:\Program Files\Common Files\Oracle\Java\javapath;C:\Windows\system32;C:\Windows;C:\Windows\System32\Wbem;C:\Windows\System32\WindowsPowerShell\v1.0\;C:\Windows\System32\OpenSSH\;C:\Program Files\Git\cmd;C:\Users\EZEN-11\AppData\Local\Microsoft\WindowsApps;;C:\Users\EZEN-11\AppData\Local\Programs\Microsoft VS Code\bin;C:\Users\EZEN-11\eclipse\java-2023-03\eclipse;
USERNAME=EZEN-11
OS=Windows_NT
PROCESSOR_IDENTIFIER=Intel64 Family 6 Model 60 Stepping 3, GenuineIntel
TMP=C:\Users\EZEN-11\AppData\Local\Temp
TEMP=C:\Users\EZEN-11\AppData\Local\Temp



---------------  S Y S T E M  ---------------

OS:
 Windows 10 , 64 bit Build 19041 (10.0.19041.2913)
OS uptime: 0 days 7:53 hours

CPU: total 4 (initial active 4) (4 cores per cpu, 1 threads per core) family 6 model 60 stepping 3 microcode 0x27, cx8, cmov, fxsr, mmx, sse, sse2, sse3, ssse3, sse4.1, sse4.2, popcnt, lzcnt, tsc, tscinvbit, avx, avx2, aes, erms, clmul, bmi1, bmi2, fma, vzeroupper, clflush

Memory: 4k page, system-wide physical 16305M (5820M free)
TotalPageFile size 29371M (AvailPageFile size 182M)
current process WorkingSet (physical memory assigned to process): 10M, peak: 10M
current process commit charge ("private bytes"): 51M, peak: 307M

vm_info: OpenJDK 64-Bit Server VM (17.0.6+10) for windows-amd64 JRE (17.0.6+10), built on Jan 18 2023 10:08:59 by "temurin" with MS VC++ 16.7 (VS2019)

END.
